<?xml version="1.0" encoding="UTF-8"?>
<!-- Generated by org.testng.reporters.JUnitXMLReporter -->
<testsuite ignored="0" hostname="Tushar" failures="0" tests="2" name="Surefire test" time="10.533" errors="0" timestamp="2026-05-25T21:39:26 IST">
  <testcase classname="com.automation.tests.LoginInvalidTest" name="invalidLogin" time="6.726"/>
  <testcase classname="com.automation.tests.LoginValidTest" name="validLogin" time="0.001">
    <skipped/>
  </testcase> <!-- validLogin -->
</testsuite> <!-- Surefire test -->
